0 info it worked if it ends with ok
1 verbose cli [ '/usr/local/bin/node',
1 verbose cli   '/usr/local/bin/npm',
1 verbose cli   'run',
1 verbose cli   'release:patch' ]
2 info using npm@3.10.3
3 info using node@v6.5.0
4 verbose run-script [ 'prerelease:patch', 'release:patch', 'postrelease:patch' ]
5 info lifecycle dssrv@1.2.8~prerelease:patch: dssrv@1.2.8
6 silly lifecycle dssrv@1.2.8~prerelease:patch: no script for prerelease:patch, continuing
7 info lifecycle dssrv@1.2.8~release:patch: dssrv@1.2.8
8 verbose lifecycle dssrv@1.2.8~release:patch: unsafe-perm in lifecycle true
9 verbose lifecycle dssrv@1.2.8~release:patch: PATH: /usr/local/lib/node_modules/npm/bin/node-gyp-bin:/home/frank/workspace/DIREKTSPEED/lib/dssrv/node_modules/.bin:/usr/local/bin:/home/frank/bin:/usr/local/sbin:/usr/local/bin:/usr/sbin:/usr/bin:/sbin:/bin:/usr/games:/usr/local/games:/snap/bin
10 verbose lifecycle dssrv@1.2.8~release:patch: CWD: /home/frank/workspace/DIREKTSPEED/lib/dssrv
11 silly lifecycle dssrv@1.2.8~release:patch: Args: [ '-c', 'npm version patch && npm publish' ]
12 silly lifecycle dssrv@1.2.8~release:patch: Returned: code: 1  signal: null
13 info lifecycle dssrv@1.2.8~release:patch: Failed to exec release:patch script
14 verbose stack Error: dssrv@1.2.8 release:patch: `npm version patch && npm publish`
14 verbose stack Exit status 1
14 verbose stack     at EventEmitter.<anonymous> (/usr/local/lib/node_modules/npm/lib/utils/lifecycle.js:242:16)
14 verbose stack     at emitTwo (events.js:106:13)
14 verbose stack     at EventEmitter.emit (events.js:191:7)
14 verbose stack     at ChildProcess.<anonymous> (/usr/local/lib/node_modules/npm/lib/utils/spawn.js:40:14)
14 verbose stack     at emitTwo (events.js:106:13)
14 verbose stack     at ChildProcess.emit (events.js:191:7)
14 verbose stack     at maybeClose (internal/child_process.js:877:16)
14 verbose stack     at Process.ChildProcess._handle.onexit (internal/child_process.js:226:5)
15 verbose pkgid dssrv@1.2.8
16 verbose cwd /home/frank/workspace/DIREKTSPEED/lib/dssrv
17 error Linux 4.4.0-38-generic
18 error argv "/usr/local/bin/node" "/usr/local/bin/npm" "run" "release:patch"
19 error node v6.5.0
20 error npm  v3.10.3
21 error code ELIFECYCLE
22 error dssrv@1.2.8 release:patch: `npm version patch && npm publish`
22 error Exit status 1
23 error Failed at the dssrv@1.2.8 release:patch script 'npm version patch && npm publish'.
23 error Make sure you have the latest version of node.js and npm installed.
23 error If you do, this is most likely a problem with the dssrv package,
23 error not with npm itself.
23 error Tell the author that this fails on your system:
23 error     npm version patch && npm publish
23 error You can get information on how to open an issue for this project with:
23 error     npm bugs dssrv
23 error Or if that isn't available, you can get their info via:
23 error     npm owner ls dssrv
23 error There is likely additional logging output above.
24 verbose exit [ 1, true ]
